[    00000] italizg roup ssy cpuet
[   .00000 Iitiazig cgroup subsys cp
[   0.000000]Initling cgrp ubsys cpuacc
[  000000]inx vesi 44.0-112-generic uid@lg1-d64-0)gcc veio 5.4.0010609Ubtu 5.06ubutu~1.04.5)) #5-buu P Fr Jan 19 1:8:36TC018 buu 4.4.11.135enic 4.9
[   .0000]omnd lneBOT_IME=oot/liz-4.4.0-112-genec ot=LAB=coudimg-rootfs ro csoletyconsol=tyS
[   .00000] KEELuppoedpus:
[  0.000000]  Intel GenuneIntel
   0.000]   AMD AuenticAMD
[   .000000]  Ceaur CentaurHauls
[  0000000 x/fpuxste_ose2]: 76 xstate_sizes[2]:  256
[    00000 x86/f: pporngSAVE feare0x01'x floti pinresters'
  0.0000 x6/fpu: Supporting XSAVfeure 0x: SE regisrs'
[  0000000x8/fpuSuorting SA featurex04:AVregister
[    0.000000 x86fp: naled ta feare 0x7coext si i 832yt, usin'sanda' rmat.
[    000000] 6/fpu: Usi 'la' U coexswites
[    00000] e0: BIOS-povedphysic RM ap
[   00000] OS-e20: [m 00000000000000x0000009fb] able
[  000000BIS-e820[mm 0x000000009f00x00000009ffff] reserve
[  0.00000 BIOS-e82 [em 0000000000f0000-0x0000000fff] servd[    00000] BI-e20: [mem 0000000000000-0000000dffff] usabl
[  0.0000] OSe820: [mem 0x00000000dfff0000-0x0000dfffffff] AC da
[    0.00000] BIOS820: [emx00000fe0000-000000f00f] rerd
[  00000 BS-e8: em 0000000fee000-0x00000000feeff reserve
[    0.00] BIOS82 [mem 0x00000000fffc00000x000000ffffff rserv
   0.000 BIO-e0:[m 0000001000000-0000001fffff]usab
   0000] NX (Execute Disabl potection: active
[  0000000] MBS 2.prent.
[  000000]yprvisoretted:VM
[    0.00000]82 las_p =0x120000 maxarch_p =0x40000000
[   .00000] TR: isable
   0.00000x8/PAT: RR disle skippinPAT initlizaonoo.
[   000000] CPU MTRRs all ank - virtualize ste.
[    0.0000] x/PT: Cfiration0-]: WB T UC-   B WT  - C  
[  0000000 e20last_p =0xdff0 maxarch_p =0x400000
[  00000] oundMPP-table at [mem 00fff0-000ffff] mapped at [ff88000ff0]
  0.0000 Sanni 1reas fr w emorcorupton
[   0000000 RAMDIS [em 06a000-0x3756fff][   0.0000 ACP Ely tlehecksum riicatiodiable
[  0.000000] ACPI: DPx0000000E0000 0024 (2 OX  )    0.00] ACI:SDT 0x00000DFF000 0003C 01VBOX VOXXST 0000AS 00006
[   .00000] PI FACP 0x000000DFFFF00000F4v0 VBO  BOXFACP000001 SL0000061)[    00000]CP DSDT 000000DFFF47001FF 02BOX  VBXBIO 0000000 IL 20058)
[   0.000]CP FACS 0000000DFFF0200 000040
[    0.000000]CP: FA 000000000DFFF200 00
[  000000] ACPI: API0x00000DF040 000C v02 OX VBOXAPIC 00000001SL 00006)
[   .00000 ACP: SSDT 0x00000FFF00 001C(v1 VBOX  VBXCPU000002NT201005)
[   0.00000 NNUMAonguration found
[  000000] Faknga no a[mem 000000000000-0x0000011fffff
[    00000] ODEE_DTA) lloced[mem 01ff7000-11ffbf]
[    0000] m-clock:singsr4b564d and4b5600
[  000000] k-coc: cpu  mr 11ff01, primary cpu clock
[  0.00000 kvm-clo: si shed ffetf 520054 cle
[    0000] clocksoure: kvm-cck: sk0xfffffffffffff x_ycles: 0x1cd2e4dffb, mx_idle_ns: 881590548 ns
[    0.000000] Ze anges:
   0.00000  DMA    [em 000000000100-0x000000ffffff]
[    0000]  DM2   [m 00000000010000-0x0000ffffff]
[   00000] Nrmal [m 0x000000010000000x000001ffff
[   .0000]  evce  mp
[   .00000] ovble on sar foracnode
  0.000]arlymemoryode raes
[    0.000000]   no  0: em0x00000000010-x000000009ff
[    00000]   ne   0:me0x0000001000-00000000dffffff]
[   0.00000]  nde  : memx000000100000-x00011fffffff]
   0.000] Inmesetup de0 [m 000000001000x00001fffff]
[    0000000ACI: PTier IPo: 0x08
[    00000] AP[0]: aicid 2 version 32,ddess 0xfe0000, GSI 0-3
[    0.0000]ACPI: T_RC_OVR (bus 0 bus_irq global_i 2 dfl d)
[    00000 ACP IT_SR_O (us 0usrq 9lol_irq l lev)[    0.0000] UngCPI (MADT) for SMPcoiguratonnfrmatn[   0.0000smoot: Alling CP, 0 hotpg CP
   0.000000] PM: Risred nosavememoy: [m 0x0000-000fff]
  0.0000PM: Restred nosa mmory[mm 0x09000-x009ff]
[   .00000PMRegierd nosa mmory[m 0x00a000x000efff
[   .00000] PM: Registeredosve mor [mem 0x0000000x0ffff]
[  0.00000 P Regted novememory[mm 0xff000-xdffffff]
[    0.000] PM Riserednovemery[mem 0xe000000-0ebfff]
[  0000000PM Regted novememo: em 0xfc00000-0xf00ff]
[    0.00000] : gistedosave moy: [mem 0xfec01000-0edffff
[   0.0000 P: Registered nosavmeory:me0xfe000-0xfe0ff][   0.00] PM: giered nave memory:[m 0xf010-0xfffbffff]
[  000000]M:Regierd noveemory: [m fffc00-0fffffff
[    00000] 820:me 0xe00000xbffff] ailble r I devices
[    0.0000]Bootg ravirtlid kernelonKVM
[   000000] ocksrc refined-jfiesma: 0xffff max_cycs:0xffffff mx_lens: 76556002115 n
[    000000]sep_pepuNR_CPUS:512 nr_cpuma_bts12r_cpu_ids:2 r_no_i:1
[  00000] RCPU: Embedded 34 pas/pu @ff8011000 s995 r192 158 u10476
[  .00000 P qspinlock hah abe tres: 256 (ordr: 0, 96bytes)
   0.0000]Buil1 nelis  Nodorr, mobit groin on.Tol pas:0320
   0.000] oliczoe: Nma
[    00000]erl command line: BOOT_IMAGE=/bootvminuz4.4.0-12generi rt=LAL=cludim-rtf ro cool=ttycosolety
[   0.000] PID astale entes 409(oer: 3328 bys)
[  0.0000 Mmory40252K/938K availabe 8499keel cod 109K data, 3988 rat, 1508 it,1316bs, 1696reserv, K cma-resve)
[  00000 SB: HWig64, Orer-3, nOects0,CPs=2,od=1
  0.00000] Knel/sepae tabl iolatonenabed[   0.0000] Hirachcal CUmplenttion
[   0000] 	Bud-tme ausent  lf fauto 64
[  0.00] 	R rtricngPUs omNR_CPU=512o r_cpu_id2.
  0.0000 R: Adstng gmery f ru_fauteaf=64nrcpu_s=
[    0.000]R_RQS:30 nr_rqs:4416
[  .00000Coole: cou VGA8025
[  000000] console[t1]enable
[   0.0000] cso [ttyS eable
[   0.000000] tsc: Detected 2592.000 MHz processor
[   36.138451] Calibrating delay loop (skipped) preset value.. 5184.00 BogoMIPS (lpj=10368000)
[   36.331619] pid_max: default: 32768 minimum: 301
[   36.454237] ACPI: Core revision 20150930
[   36.562307] ACPI: 2 ACPI AML tables successfully acquired and loaded
[   36.694544] Security Framework initialized
[   36.811497] Yama: becoming mindful.
[   36.897791] AppArmor: AppArmor initialized
[   36.983302] Dentry cache hash table entries: 524288 (order: 10, 4194304 bytes)
[   37.183111] Inode-cache hash table entries: 262144 (order: 9, 2097152 bytes)
[   37.360828] Mount-cache hash table entries: 8192 (order: 4, 65536 bytes)
[   37.559611] Mountpoint-cache hash table entries: 8192 (order: 4, 65536 bytes)
[   37.758589] Initializing cgroup subsys io
[   37.880036] Initializing cgroup subsys memory
[   38.005372] Initializing cgroup subsys devices
[   38.134636] Initializing cgroup subsys freezer
[   38.254628] Initializing cgroup subsys net_cls
[   38.275021] Initializing cgroup subsys perf_event
[   38.303910] Initializing cgroup subsys net_prio
[   38.309537] Initializing cgroup subsys hugetlb
[   38.348193] Initializing cgroup subsys pids
[   38.405271] CPU: Physical Processor ID: 0
[   38.443467] CPU: Processor Core ID: 0
[   38.530912] FEATURE SPEC_CTRL Not Present
[   38.633058] mce: CPU supports 0 MCE banks
[   38.757640] Last level iTLB entries: 4KB 64, 2MB 8, 4MB 8
[   38.910738] Last level dTLB entries: 4KB 64, 2MB 0, 4MB 0, 1GB 4
[   39.088315] Freeing SMP alternatives memory: 32K
[   39.225946] ftrace: allocating 32180 entries in 126 pages
[   39.427306] smpboot: APIC(0) Converting physical 0 to logical package 0
[   39.572609] smpboot: Max logical packages: 1
[   39.687452] x2apic enabled
[   39.747111] Switched APIC routing to physical x2apic.
[   39.889755] ..TIMER: vector=0x30 apic1=0 pin1=2 apic2=-1 pin2=-1
[   40.151528] smpboot: CPU0: Intel(R) Core(TM) i7-6700HQ CPU @ 2.60GHz (family: 0x6, model: 0x5e, stepping: 0x3)
[   40.422921] Performance Events: unsupported p6 CPU model 94 no PMU driver, software events only.
[   40.635678] KVM setup paravirtual spinlock
[   40.763751] x86: Booting SMP configuration:
[   40.853117] .... node  #0, CPUs:      #1
[   40.928952] kvm-clock: cpu 1, msr 1:1ffef041, secondary cpu clock
[   40.990573] mce: CPU supports 0 MCE banks
[   41.008792] x86: Booted up 1 node, 2 CPUs
[   41.054230] smpboot: Total of 2 processors activated (10368.00 BogoMIPS)
[   41.181812] devtmpfs: initialized
[   41.255541] evm: security.selinux
[   41.317975] evm: security.SMACK64
[   41.360609] evm: security.SMACK64EXEC
[   41.427644] evm: security.SMACK64TRANSMUTE
[   41.475121] evm: security.SMACK64MMAP
[   41.546046] evm: security.ima
[   41.607496] evm: security.capability
[   41.680828] clocksource: jiffies: mask: 0xffffffff max_cycles: 0xffffffff, max_idle_ns: 7645041785100000 ns
[   41.816919] futex hash table entries: 512 (order: 3, 32768 bytes)
[   41.983509] pinctrl core: initialized pinctrl subsystem
[   42.130818] RTC time: 12:13:18, date: 02/15/18
[   42.249338] NET: Registered protocol family 16
[   42.373504] cpuidle: using governor ladder
[   42.497619] cpuidle: using governor menu
[   42.597549] PCCT header not found.
[   42.689963] ACPI: bus type PCI registered
[   42.751076] acpiphp: ACPI Hot Plug PCI Controller Driver version: 0.5
[   42.855736] PCI: Using configuration type 1 for base access
[   42.934881] ACPI: Added _OSI(Module Device)
[   43.003012] ACPI: Added _OSI(Processor Device)
[   43.078656] ACPI: Added _OSI(3.0 _SCP Extensions)
[   43.188527] ACPI: Added _OSI(Processor Aggregator Device)
[   43.306671] ACPI: Executed 1 blocks of module-level executable AML code
[   43.478590] ACPI: Interpreter enabled
[   43.551523] ACPI: (supports S0 S5)
[   43.558745] ACPI: Using IOAPIC for interrupt routing
[   43.567542] PCI: Using host bridge windows from ACPI; if necessary, use "pci=nocrs" and report a bug
[   43.596107] ACPI: PCI Root Bridge [PCI0] (domain 0000 [bus 00-ff])
[   43.627571] acpi PNP0A03:00: _OSC: OS supports [ASPM ClockPM Segments MSI]
[   43.657242] acpi PNP0A03:00: _OSC: not requesting OS control; OS requires [ExtendedConfig ASPM ClockPM MSI]
[   43.683622] acpi PNP0A03:00: fail to add MMCONFIG information, can't access extended PCI configuration space under this bridge.
[   43.728357] PCI host bridge to bus 0000:00
[   43.759496] pci_bus 0000:00: root bus resource [io  0x0000-0x0cf7 window]
[   43.798051] pci_bus 0000:00: root bus resource [io  0x0d00-0xffff window]
[   43.839525] pci_bus 0000:00: root bus resource [mem 0x000a0000-0x000bffff window]
[   43.907996] pci_bus 0000:00: root bus resource [mem 0xe0000000-0xfdffffff window]
[   43.950475] pci_bus 0000:00: root bus resource [bus 00-ff]
[   43.972303] pci 0000:00:01.1: legacy IDE quirk: reg 0x10: [io  0x01f0-0x01f7]
[   44.007936] pci 0000:00:01.1: legacy IDE quirk: reg 0x14: [io  0x03f6]
[   44.039803] pci 0000:00:01.1: legacy IDE quirk: reg 0x18: [io  0x0170-0x0177]
[   44.099127] pci 0000:00:01.1: legacy IDE quirk: reg 0x1c: [io  0x0376]
[   44.238715] pci 0000:00:07.0: quirk: [io  0x4000-0x403f] claimed by PIIX4 ACPI
[   44.390924] pci 0000:00:07.0: quirk: [io  0x4100-0x410f] claimed by PIIX4 SMB
[   44.492957] ACPI: PCI Interrupt Link [LNKA] (IRQs 5 9 10 *11)
[   44.582226] ACPI: PCI Interrupt Link [LNKB] (IRQs 5 9 *10 11)
[   44.707549] ACPI: PCI Interrupt Link [LNKC] (IRQs 5 *9 10 11)
[   44.829873] ACPI: PCI Interrupt Link [LNKD] (IRQs 5 9 10 *11)
[   44.966446] ACPI: Enabled 2 GPEs in block 00 to 07
[   45.094550] vgaarb: setting as boot device: PCI:0000:00:02.0
[   45.161010] vgaarb: device added: PCI:0000:00:02.0,decodes=io+mem,owns=io+mem,locks=none
[   45.306821] vgaarb: loaded
[   45.372727] vgaarb: bridge control possible 0000:00:02.0
[   45.539126] SCSI subsystem initialized
[   45.639691] ACPI: bus type USB registered
[   45.750474] usbcore: registered new interface driver usbfs
[   45.774474] usbcore: registered new interface driver hub
[   45.926549] usbcore: registered new device driver usb
[   46.077319] PCI: Using ACPI for IRQ routing
[   46.200761] NetLabel: Initializing
[   46.264009] NetLabel:  domain hash size = 128
[   46.306073] NetLabel:  protocols = UNLABELED CIPSOv4
[   46.409846] NetLabel:  unlabeled traffic allowed by default
[   46.557064] amd_nb: Cannot enumerate AMD northbridges
[   46.703454] clocksource: Switched to clocksource kvm-clock
[   6.39] pAorAprm FesteEnle
  7.18] p: PP ACPIni
[ 47056]npPnAC: un3 vis
[   48.350572] clocksource: acpi_pm: mask: 0xffffff max_cycles: 0xffffff, max_idle_ns: 2085701024 ns
[   48.517886] NET: Registered protocol family 2
[   48.548063] TCP established hash table entries: 32768 (order: 6, 262144 bytes)
[   48.574508] TCP bind hash table entries: 32768 (order: 7, 524288 bytes)
[   48.753987] TCP: Hash tables configured (established 32768 bind 32768)
[   48.998466] UDP hash table entries: 2048 (order: 4, 65536 bytes)
[   49.209431] UDP-Lite hash table entries: 2048 (order: 4, 65536 bytes)
[   49.396961] NET: Registered protocol family 1
[   49.526905] pci 0000:00:00.0: Limiting direct PCI/PCI transfers
[   49.626405] pci 0000:00:01.0: Activating ISA DMA hang workarounds
[   49.660986] Unpacking initramfs...
[   51.485747] Freeing initrd memory: 10792K
[   51.615188] PCI-DMA: Using software bounce buffering for IO (SWIOTLB)
[   51.837105] software IO TLB [mem 0xdbff0000-0xdfff0000] (64MB) mapped at [ffff8800dbff0000-ffff8800dffeffff]
[   51.917629] platform rtc_cmos: registered platform RTC device (no PNP device found)
[   52.036830] Scanning for low memory corruption every 60 seconds
[   52.262794] audit: initializing netlink subsys (disabled)
[   52.461346] audit: type=2000 audit(1518696770.234:1): initialized
[   52.661545] Initialise system trusted keyring
[   52.806221] HugeTLB registered 2 MB page size, pre-allocated 0 pages
[   53.005267] tsc: Refined TSC clocksource calibration: 2593.642 MHz
[   53.045054] clocksource: tsc: mask: 0xffffffffffffffff max_cycles: 0x2562c5c12da, max_idle_ns: 440795249031 ns
[   53.046580] zbud: loaded
ÿ[   53.046798] VFS: Disk quotas dquot_6.6.0
[   53.046838] VFS: Dquot-cache hash table entries: 512 (order 0, 4096 bytes)
[   53.047109] squashfs: version 4.0 (2009/01/31) Phillip Lougher
[   53.242553] fuse init (API version 7.23)
[   53.242696] Key type big_key registered
[   53.242718] Allocating IMA MOK and blacklist keyrings.
[   53.242885] Key type asymmetric registered
[   53.242890] Asymmetric key parser 'x509' registered
[   53.242921] Block layer SCSI generic (bsg) driver version 0.4 loaded (major 249)
[   53.242944] io scheduler noop registered
[   53.242946] io scheduler deadline registered (default)
[   53.242969] io scheduler cfq registered
[   53.243052] pci_hotplug: PCI Hot Plug PCI Core version: 0.5
[   53.243057] pciehp: PCI Express Hot Plug Controller Driver version: 0.4
[   53.243375] ACPI: AC Adapter [AC] (off-line)
[   53.243421] input: Power Button as /devices/LNXSYSTM:00/LNXPWRBN:00/input/inp